1680521927353:help
1680522004976:b
1680522030189:bt
1680522033219:и
1680522036225:b
1680522092646:l
1680522096683:l ru
1680522100718:l en
1680522187403:l ru
1680522232805:help
1680522241880:l ru
1680522244908:l en
1680523007384:l ru
1680523184825:exit
1680523216629:help
1680523219641:l
1680523222659:l en
1680523225697:l ru
1680523438171:аоыотвж
1680523463638:l ru
1680523772171:l ru\\\nl ru
1680523775188:l ru
1680523796337:help
1680523799367:p
1680525479979:l ru
1680525522268:даыдвлолаоывлаоывд
1680525626304:l ru
1680525650461:l en
1680525655500:findAll
1680525657510:p
1680525662537:l ru
1680525665561:p
1680525779575:l ru
